# JRE version: Java(TM) SE Runtime Environment (17.0.11+7) (build 17.0.11+7-LTS-207)
# Java VM: Java HotSpot(TM) 64-Bit Server VM (17.0.11+7-LTS-207, mixed mode, emulated-client, sharing, tiered, compressed oops, compressed class ptrs, g1 gc, windows-amd64)
GC Precious Log:
 CPUs: 12 total, 12 available
 Memory: 15724M
 Large Page Support: Disabled
 NUMA Support: Disabled
 Compressed Oops: Enabled (Zero based)
 Heap Region Size: 2M
 Heap Min Capacity: 8M
 Heap Initial Capacity: 246M
 Heap Max Capacity: 3932M
 Pre-touch: Disabled
 Parallel Workers: 10
 Concurrent Workers: 3
 Concurrent Refinement Workers: 10
 Periodic GC: Disabled
Heap:
 garbage-first heap   total 167936K, used 116830K [0x000000070a400000, 0x0000000800000000)
  region size 2048K, 30 young (61440K), 2 survivors (4096K)
 Metaspace       used 82415K, committed 83136K, reserved 1179648K
  class space    used 11798K, committed 12160K, reserved 1048576K
GC Heap History (20 events):
Event: 4.839 GC heap before
{Heap before GC invocations=13 (full 0):
 garbage-first heap   total 81920K, used 62370K [0x000000070a400000, 0x0000000800000000)
  region size 2048K, 18 young (36864K), 2 survivors (4096K)
 Metaspace       used 67411K, committed 67968K, reserved 1114112K
  class space    used 9480K, committed 9728K, reserved 1048576K
}
Event: 4.841 GC heap after
{Heap after GC invocations=14 (full 0):
 garbage-first heap   total 81920K, used 31054K [0x000000070a400000, 0x0000000800000000)
  region size 2048K, 3 young (6144K), 3 survivors (6144K)
 Metaspace       used 67411K, committed 67968K, reserved 1114112K
  class space    used 9480K, committed 9728K, reserved 1048576K
}
Event: 5.047 GC heap before
{Heap before GC invocations=14 (full 0):
 garbage-first heap   total 81920K, used 61774K [0x000000070a400000, 0x0000000800000000)
  region size 2048K, 18 young (36864K), 3 survivors (6144K)
 Metaspace       used 70253K, committed 70848K, reserved 1114112K
  class space    used 10036K, committed 10304K, reserved 1048576K
}
Event: 5.050 GC heap after
{Heap after GC invocations=15 (full 0):
 garbage-first heap   total 81920K, used 32862K [0x000000070a400000, 0x0000000800000000)
  region size 2048K, 2 young (4096K), 2 survivors (4096K)
 Metaspace       used 70253K, committed 70848K, reserved 1114112K
  class space    used 10036K, committed 10304K, reserved 1048576K
}
Event: 5.103 GC heap before
{Heap before GC invocations=15 (full 0):
 garbage-first heap   total 81920K, used 63582K [0x000000070a400000, 0x0000000800000000)
  region size 2048K, 17 young (34816K), 2 survivors (4096K)
 Metaspace       used 70673K, committed 71296K, reserved 1114112K
  class space    used 10158K, committed 10432K, reserved 1048576K
}
Event: 5.105 GC heap after
{Heap after GC invocations=16 (full 0):
 garbage-first heap   total 81920K, used 34573K [0x000000070a400000, 0x0000000800000000)
  region size 2048K, 2 young (4096K), 2 survivors (4096K)
 Metaspace       used 70673K, committed 71296K, reserved 1114112K
  class space    used 10158K, committed 10432K, reserved 1048576K
}
Event: 5.310 GC heap before
{Heap before GC invocations=16 (full 0):
 garbage-first heap   total 81920K, used 65293K [0x000000070a400000, 0x0000000800000000)
  region size 2048K, 17 young (34816K), 2 survivors (4096K)
 Metaspace       used 73286K, committed 73856K, reserved 1114112K
  class space    used 10521K, committed 10752K, reserved 1048576K
}
Event: 5.312 GC heap after
{Heap after GC invocations=17 (full 0):
 garbage-first heap   total 98304K, used 36278K [0x000000070a400000, 0x0000000800000000)
  region size 2048K, 2 young (4096K), 2 survivors (4096K)
 Metaspace       used 73286K, committed 73856K, reserved 1114112K
  class space    used 10521K, committed 10752K, reserved 1048576K
}
Event: 5.560 GC heap before
{Heap before GC invocations=17 (full 0):
 garbage-first heap   total 98304K, used 77238K [0x000000070a400000, 0x0000000800000000)
  region size 2048K, 22 young (45056K), 2 survivors (4096K)
 Metaspace       used 75434K, committed 76032K, reserved 1114112K
  class space    used 10790K, committed 11072K, reserved 1048576K
}
Event: 5.564 GC heap after
{Heap after GC invocations=18 (full 0):
 garbage-first heap   total 98304K, used 40538K [0x000000070a400000, 0x0000000800000000)
  region size 2048K, 3 young (6144K), 3 survivors (6144K)
 Metaspace       used 75434K, committed 76032K, reserved 1114112K
  class space    used 10790K, committed 11072K, reserved 1048576K
}
Event: 5.603 GC heap before
{Heap before GC invocations=18 (full 0):
 garbage-first heap   total 98304K, used 75354K [0x000000070a400000, 0x0000000800000000)
  region size 2048K, 20 young (40960K), 3 survivors (6144K)
 Metaspace       used 75495K, committed 76160K, reserved 1114112K
  class space    used 10800K, committed 11136K, reserved 1048576K
}
Event: 5.610 GC heap after
{Heap after GC invocations=19 (full 0):
 garbage-first heap   total 98304K, used 49573K [0x000000070a400000, 0x0000000800000000)
  region size 2048K, 3 young (6144K), 3 survivors (6144K)
 Metaspace       used 75495K, committed 76160K, reserved 1114112K
  class space    used 10800K, committed 11136K, reserved 1048576K
}
Event: 5.650 GC heap before
{Heap before GC invocations=19 (full 0):
 garbage-first heap   total 98304K, used 74149K [0x000000070a400000, 0x0000000800000000)
  region size 2048K, 15 young (30720K), 3 survivors (6144K)
 Metaspace       used 75518K, committed 76160K, reserved 1114112K
  class space    used 10804K, committed 11136K, reserved 1048576K
}
Event: 5.653 GC heap after
{Heap after GC invocations=20 (full 0):
 garbage-first heap   total 98304K, used 55136K [0x000000070a400000, 0x0000000800000000)
  region size 2048K, 2 young (4096K), 2 survivors (4096K)
 Metaspace       used 75518K, committed 76160K, reserved 1114112K
  class space    used 10804K, committed 11136K, reserved 1048576K
}
Event: 5.669 GC heap before
{Heap before GC invocations=20 (full 0):
 garbage-first heap   total 98304K, used 71520K [0x000000070a400000, 0x0000000800000000)
  region size 2048K, 11 young (22528K), 2 survivors (4096K)
 Metaspace       used 75518K, committed 76160K, reserved 1114112K
  class space    used 10804K, committed 11136K, reserved 1048576K
}
Event: 5.672 GC heap after
{Heap after GC invocations=21 (full 0):
 garbage-first heap   total 167936K, used 59405K [0x000000070a400000, 0x0000000800000000)
  region size 2048K, 2 young (4096K), 2 survivors (4096K)
 Metaspace       used 75518K, committed 76160K, reserved 1114112K
  class space    used 10804K, committed 11136K, reserved 1048576K
}
Event: 5.760 GC heap before
{Heap before GC invocations=22 (full 0):
 garbage-first heap   total 167936K, used 120845K [0x000000070a400000, 0x0000000800000000)
  region size 2048K, 33 young (67584K), 2 survivors (4096K)
 Metaspace       used 75527K, committed 76160K, reserved 1114112K
  class space    used 10805K, committed 11136K, reserved 1048576K
}
Event: 5.763 GC heap after
{Heap after GC invocations=23 (full 0):
 garbage-first heap   total 167936K, used 62776K [0x000000070a400000, 0x0000000800000000)
  region size 2048K, 4 young (8192K), 4 survivors (8192K)
 Metaspace       used 75527K, committed 76160K, reserved 1114112K
  class space    used 10805K, committed 11136K, reserved 1048576K
}
Event: 5.943 GC heap before
{Heap before GC invocations=23 (full 0):
 garbage-first heap   total 167936K, used 122168K [0x000000070a400000, 0x0000000800000000)
  region size 2048K, 34 young (69632K), 4 survivors (8192K)
 Metaspace       used 76631K, committed 77312K, reserved 1179648K
  class space    used 11002K, committed 11328K, reserved 1048576K
}
Event: 5.946 GC heap after
{Heap after GC invocations=24 (full 0):
 garbage-first heap   total 167936K, used 63582K [0x000000070a400000, 0x0000000800000000)
  region size 2048K, 2 young (4096K), 2 survivors (4096K)
 Metaspace       used 76631K, committed 77312K, reserved 1179648K
  class space    used 11002K, committed 11328K, reserved 1048576K
}

